<?xml version="1.0" encoding="UTF-8"?>
<testng-results skipped="0" failed="0" total="1" passed="1">
  <reporter-output>
  </reporter-output>
  <suite name="Default suite" duration-ms="23832" started-at="2017-04-05T13:43:44Z" finished-at="2017-04-05T13:44:08Z">
    <groups>
    </groups>
    <test name="Default test" duration-ms="23832" started-at="2017-04-05T13:43:44Z" finished-at="2017-04-05T13:44:08Z">
      <class name="NaukriTestSuite.NaukriLoginTest">
        <test-method status="PASS" signature="Before()[pri:0, instance:NaukriTestSuite.NaukriLoginTest@1b604f19]" name="Before" is-config="true" duration-ms="9438" started-at="2017-04-05T19:13:44Z" finished-at="2017-04-05T19:13:54Z">
          <reporter-output>
          </reporter-output>
        </test-method> <!-- Before -->
        <test-method status="PASS" signature="f()[pri:0, instance:NaukriTestSuite.NaukriLoginTest@1b604f19]" name="f" duration-ms="14362" started-at="2017-04-05T19:13:54Z" finished-at="2017-04-05T19:14:08Z">
          <reporter-output>
          </reporter-output>
        </test-method> <!-- f -->
      </class> <!-- NaukriTestSuite.NaukriLoginTest -->
    </test> <!-- Default test -->
  </suite> <!-- Default suite -->
</testng-results>
